0 2023-07-03 01:38:06.228491 pwd : /home/long/uu/pyaig/jsrc cmd : AGenSCTerms.py 8_8_S_SP_WT_RC_GenMul.v.aig_out_4.aig
        1 2023-07-03 01:38:36.642388 pwd : /home/long/uu/pyaig/jsrc cmd : AGenSCTerms.py 8_8_S_SP_WT_RC_GenMul.v.aig_out_4.aig
2 2023-07-03 01:39:40.802694 pwd : /home/long/uu/pyaig/jsrc cmd : AGenSCTerms.py 8_8_S_SP_WT_RC_GenMul.v.aig_out_4.aig
3 2023-07-03 01:39:48.052543 pwd : /home/long/uu/pyaig/jsrc cmd : AGenSCTerms.py 8_8_S_SP_WT_RC_GenMul.v.aig_out_4.aig
4 2023-07-03 01:39:50.477876 pwd : /home/long/uu/pyaig/jsrc cmd : AGenSCTerms.py 8_8_S_SP_WT_RC_GenMul.v.aig_out_4.aig
5 2023-07-03 01:58:49.620733 pwd : /home/long/uu/pyaig/jsrc cmd : AGenSCTerms.py 8_8_S_SP_WT_RC_GenMul.v.aig_out_10.aig
6 2023-07-03 01:59:17.315704 pwd : /home/long/uu/pyaig/jsrc cmd : AGenSCTerms.py WT_USP_KS_8x8_noX_multgen.sv.aig_out_7.aig
7 2023-07-03 07:26:44.092328 pwd : /home/long/uu/pyaig/jsrc cmd : AGenSCTerms.py WT_USP_KS_8x8_noX_multgen.sv.aig_out_4.aig
8 2023-07-03 07:27:53.298606 pwd : /home/long/uu/pyaig/jsrc cmd : cone.py WT_USP_KS_8x8_noX_multgen.sv.aig 3
9 2023-07-03 07:28:00.199499 pwd : /home/long/uu/pyaig/jsrc cmd : AGenSCTerms.py WT_USP_KS_8x8_noX_multgen.sv.aig_out_3.aig
10 2023-07-03 07:29:30.775997 pwd : /home/long/uu/pyaig/jsrc cmd : AGenSCTerms.py WT_USP_KS_8x8_noX_multgen.sv.aig_out_3.aig
11 2023-07-03 07:31:42.005246 pwd : /home/long/uu/pyaig/jsrc cmd : AGenSCTerms.py WT_USP_KS_8x8_noX_multgen.sv.aig_out_3.aig
12 2023-07-03 07:33:53.038881 pwd : /home/long/uu/pyaig/jsrc cmd : AGenSCTerms.py WT_USP_KS_8x8_noX_multgen.sv.aig_out_3.aig
13 2023-07-03 07:40:23.605574 pwd : /home/long/uu/pyaig/jsrc cmd : AGenSCTerms.py WT_USP_KS_8x8_noX_multgen.sv.aig_out_3.aig
14 2023-07-03 16:51:25.894955 pwd : /home/long/uu/pyaig/jsrc cmd : AGenSCTerms.py WT_USP_KS_8x8_noX_multgen.sv.aig_out_4.aig
15 2023-07-03 16:51:45.223247 pwd : /home/long/uu/pyaig/jsrc cmd : AGenSCTerms.py examples/WT_USP_KS_8x8_noX_multgen.sv.aig_out_4.aig
16 2023-07-03 18:58:21.864750 pwd : /home/long/uu/pyaig/jsrc cmd : AGenSCTerms.py examples/WT_USP_KS_8x8_noX_multgen.sv.aig_out_4.aig
17 2023-07-03 19:15:01.273403 pwd : /home/long/uu/pyaig/jsrc cmd : AGenSCTerms.py examples/WT_USP_KS_8x8_noX_multgen.sv.aig_out_2.aig
18 2023-07-03 19:15:29.036850 pwd : /home/long/uu/pyaig/jsrc cmd : cone.py -O 2 examples/WT_USP_KS_8x8_noX_multgen.sv.aig
19 2023-07-03 19:17:04.641561 pwd : /home/long/uu/pyaig/jsrc cmd : cone.py examples/WT_USP_KS_8x8_noX_multgen.sv.aig 2
20 2023-07-03 19:17:06.827694 pwd : /home/long/uu/pyaig/jsrc cmd : cone.py examples/WT_USP_KS_8x8_noX_multgen.sv.aig 3
21 2023-07-03 19:17:09.044839 pwd : /home/long/uu/pyaig/jsrc cmd : cone.py examples/WT_USP_KS_8x8_noX_multgen.sv.aig 1
22 2023-07-03 19:17:10.771054 pwd : /home/long/uu/pyaig/jsrc cmd : cone.py examples/WT_USP_KS_8x8_noX_multgen.sv.aig 0
23 2023-07-03 19:17:17.307831 pwd : /home/long/uu/pyaig/jsrc cmd : AGenSCTerms.py examples/WT_USP_KS_8x8_noX_multgen.sv.aig_out_2.aig
24 2023-07-03 19:18:17.489735 pwd : /home/long/uu/pyaig/jsrc cmd : AGenSCTerms.py examples/WT_USP_KS_8x8_noX_multgen.sv.aig_out_3.aig
25 2023-07-03 19:18:27.448543 pwd : /home/long/uu/pyaig/jsrc cmd : AGenSCTerms.py examples/WT_USP_KS_8x8_noX_multgen.sv.aig_out_3.aig
26 2023-07-03 19:27:44.201692 pwd : /home/long/uu/pyaig/jsrc cmd : AGenSCTerms.py examples/WT_USP_KS_8x8_noX_multgen.sv.aig_out_4.aig
27 2023-07-03 19:33:22.046380 pwd : /home/long/uu/pyaig/jsrc cmd : AGenSCTerms.py examples/WT_USP_KS_8x8_noX_multgen.sv.aig_out_4.aig
28 2023-07-03 20:45:45.367143 pwd : /home/long/uu/pyaig/jsrc cmd : AGenSCTerms.py examples/WT_USP_KS_8x8_noX_multgen.sv.aig_out_3.aig
29 2023-07-03 21:18:02.446247 pwd : /home/long/uu/pyaig/jsrc cmd : AGenSCTerms.py examples/WT_USP_KS_8x8_noX_multgen.sv.aig_out_4.aig
30 2023-07-03 21:22:59.033210 pwd : /home/long/uu/pyaig/jsrc cmd : AGenSCTerms.py examples/WT_USP_KS_8x8_noX_multgen.sv.aig_out_4.aig
31 2023-07-03 21:23:04.313212 pwd : /home/long/uu/pyaig/jsrc cmd : AGenSCTerms.py examples/WT_USP_KS_8x8_noX_multgen.sv.aig_out_5.aig
32 2023-07-03 21:24:21.802275 pwd : /home/long/uu/pyaig/jsrc cmd : AGenSCTerms.py examples/WT_USP_KS_8x8_noX_multgen.sv.aig_out_5.aig
33 2023-07-03 21:30:25.250952 pwd : /home/long/uu/pyaig/jsrc cmd : AGenSCTerms.py examples/WT_USP_KS_8x8_noX_multgen.sv.aig_out_5.aig
34 2023-07-03 21:31:36.316301 pwd : /home/long/uu/pyaig/jsrc cmd : AGenSCTerms.py examples/WT_USP_KS_8x8_noX_multgen.sv.aig_out_5.aig
35 2023-07-03 21:36:29.523782 pwd : /home/long/uu/pyaig/jsrc cmd : AGenSCTerms.py examples/WT_USP_KS_8x8_noX_multgen.sv.aig_out_3.aig
36 2023-07-03 21:42:12.209806 pwd : /home/long/uu/pyaig/jsrc cmd : AGenSCTerms.py examples/WT_USP_KS_8x8_noX_multgen.sv.aig_out_4.aig
37 2023-07-04 11:22:55.665864 pwd : /home/long/uu/pyaig/jsrc cmd : AGenSCTerms.py examples/WT_USP_KS_8x8_noX_multgen.sv.aig_out_4.aig
38 2023-07-04 11:23:17.332948 pwd : /home/long/uu/pyaig/jsrc cmd : AGenSCTerms.py examples/WT_USP_KS_8x8_noX_multgen.sv.aig_out_4.aig
39 2023-07-04 13:29:45.571313 pwd : /home/long/uu/pyaig/jsrc cmd : AGenSCTerms.py examples/WT_USP_KS_8x8_noX_multgen.sv.aig_out_4.aig
40 2023-07-04 13:30:14.954940 pwd : /home/long/uu/pyaig/jsrc cmd : AGenSCTerms.py examples/WT_USP_KS_8x8_noX_multgen.sv.aig_out_4.aig
41 2023-07-04 13:30:23.068363 pwd : /home/long/uu/pyaig/jsrc cmd : AGenSCTerms.py examples/WT_USP_KS_8x8_noX_multgen.sv.aig_out_4.aig
42 2023-07-04 13:30:36.236885 pwd : /home/long/uu/pyaig/jsrc cmd : AGenSCTerms.py examples/WT_USP_KS_8x8_noX_multgen.sv.aig_out_4.aig
43 2023-07-04 13:30:45.592352 pwd : /home/long/uu/pyaig/jsrc cmd : AGenSCTerms.py examples/WT_USP_KS_8x8_noX_multgen.sv.aig_out_4.aig
44 2023-07-04 13:53:38.540250 pwd : /home/long/uu/pyaig/jsrc cmd : AGenSCTerms.py examples/WT_USP_KS_8x8_noX_multgen.sv.aig_out_4.aig
45 2023-07-04 13:53:58.682640 pwd : /home/long/uu/pyaig/jsrc cmd : AGenSCTerms.py examples/WT_USP_KS_8x8_noX_multgen.sv.aig_out_4.aig
46 2023-07-04 13:55:12.775862 pwd : /home/long/uu/pyaig/jsrc cmd : AGenSCTerms.py examples/WT_USP_KS_8x8_noX_multgen.sv.aig_out_4.aig
47 2023-07-04 13:55:22.027599 pwd : /home/long/uu/pyaig/jsrc cmd : AGenSCTerms.py examples/WT_USP_KS_8x8_noX_multgen.sv.aig_out_4.aig
48 2023-07-04 13:55:26.371956 pwd : /home/long/uu/pyaig/jsrc cmd : AGenSCTerms.py examples/WT_USP_KS_8x8_noX_multgen.sv.aig_out_4.aig
49 2023-07-04 13:56:37.787216 pwd : /home/long/uu/pyaig/jsrc cmd : AGenSCTerms.py examples/WT_USP_KS_8x8_noX_multgen.sv.aig_out_4.aig
50 2023-07-04 13:56:50.416924 pwd : /home/long/uu/pyaig/jsrc cmd : AGenSCTerms.py examples/WT_USP_KS_8x8_noX_multgen.sv.aig_out_4.aig
51 2023-07-04 13:57:04.312168 pwd : /home/long/uu/pyaig/jsrc cmd : AGenSCTerms.py examples/WT_USP_KS_8x8_noX_multgen.sv.aig_out_4.aig
52 2023-07-04 13:57:19.305363 pwd : /home/long/uu/pyaig/jsrc cmd : AGenSCTerms.py examples/WT_USP_KS_8x8_noX_multgen.sv.aig_out_4.aig
53 2023-07-04 13:57:44.907951 pwd : /home/long/uu/pyaig/jsrc cmd : AGenSCTerms.py examples/WT_USP_KS_8x8_noX_multgen.sv.aig_out_4.aig
54 2023-07-04 13:58:27.750323 pwd : /home/long/uu/pyaig/jsrc cmd : AGenSCTerms.py examples/WT_USP_KS_8x8_noX_multgen.sv.aig_out_4.aig
55 2023-07-04 13:58:52.283762 pwd : /home/long/uu/pyaig/jsrc cmd : AGenSCTerms.py examples/WT_USP_KS_8x8_noX_multgen.sv.aig_out_4.aig
56 2023-07-04 13:59:03.812622 pwd : /home/long/uu/pyaig/jsrc cmd : AGenSCTerms.py examples/WT_USP_KS_8x8_noX_multgen.sv.aig_out_4.aig
57 2023-07-04 13:59:25.183025 pwd : /home/long/uu/pyaig/jsrc cmd : AGenSCTerms.py examples/WT_USP_KS_8x8_noX_multgen.sv.aig_out_4.aig
58 2023-07-04 13:59:52.938823 pwd : /home/long/uu/pyaig/jsrc cmd : AGenSCTerms.py examples/WT_USP_KS_8x8_noX_multgen.sv.aig_out_4.aig
59 2023-07-04 14:00:19.434168 pwd : /home/long/uu/pyaig/jsrc cmd : AGenSCTerms.py examples/WT_USP_KS_8x8_noX_multgen.sv.aig_out_4.aig
60 2023-07-04 14:00:41.293836 pwd : /home/long/uu/pyaig/jsrc cmd : AGenSCTerms.py examples/WT_USP_KS_8x8_noX_multgen.sv.aig_out_4.aig
61 2023-07-04 14:00:49.097214 pwd : /home/long/uu/pyaig/jsrc cmd : AGenSCTerms.py examples/WT_USP_KS_8x8_noX_multgen.sv.aig_out_4.aig
62 2023-07-04 14:00:55.177507 pwd : /home/long/uu/pyaig/jsrc cmd : AGenSCTerms.py examples/WT_USP_KS_8x8_noX_multgen.sv.aig_out_4.aig
63 2023-07-04 14:01:02.242226 pwd : /home/long/uu/pyaig/jsrc cmd : AGenSCTerms.py examples/WT_USP_KS_8x8_noX_multgen.sv.aig_out_4.aig
64 2023-07-04 14:24:10.718506 pwd : /home/long/uu/pyaig/jsrc cmd : AGenSCTerms.py examples/WT_USP_KS_8x8_noX_multgen.sv.aig_out_4.aig
65 2023-07-04 14:24:32.972533 pwd : /home/long/uu/pyaig/jsrc cmd : AGenSCTerms.py examples/WT_USP_KS_8x8_noX_multgen.sv.aig_out_4.aig
66 2023-07-04 14:24:52.608800 pwd : /home/long/uu/pyaig/jsrc cmd : AGenSCTerms.py examples/WT_USP_KS_8x8_noX_multgen.sv.aig_out_4.aig
67 2023-07-04 14:55:13.049746 pwd : /home/long/uu/pyaig/jsrc cmd : AGenSCTerms.py examples/WT_USP_KS_8x8_noX_multgen.sv.aig_out_4.aig
68 2023-07-04 14:56:11.230014 pwd : /home/long/uu/pyaig/jsrc cmd : AGenSCTerms.py examples/WT_USP_KS_8x8_noX_multgen.sv.aig_out_4.aig
69 2023-07-04 14:56:21.507547 pwd : /home/long/uu/pyaig/jsrc cmd : AGenSCTerms.py examples/WT_USP_KS_8x8_noX_multgen.sv.aig_out_4.aig
70 2023-07-04 14:59:44.047957 pwd : /home/long/uu/pyaig/jsrc cmd : AGenSCTerms.py examples/WT_USP_KS_8x8_noX_multgen.sv.aig_out_4.aig
71 2023-07-04 15:35:39.683112 pwd : /home/long/uu/pyaig/jsrc cmd : AGenSCTerms.py examples/WT_USP_KS_8x8_noX_multgen.sv.aig_out_4.aig
